<?xml version="1.0" encoding="UTF-8"?>
<!-- Generated by org.testng.reporters.JUnitXMLReporter -->
<testsuite ignored="0" hostname="abc-PC" failures="1" tests="10" name="Surefire test" time="1.787" errors="0" timestamp="05 Dec 2020 17:30:19 GMT">
  <testcase classname="tests.Testing1" name="test1" time="0.002"/>
  <testcase classname="tests.Testing1" name="test2" time="0.0"/>
  <testcase classname="tests.Testing1" name="test3" time="0.0"/>
  <testcase classname="tests.Testing1" name="testdp" time="0.0"/>
  <testcase classname="tests.Testing1" name="testdp" time="0.002"/>
  <testcase classname="tests.Testing2" name="test4" time="0.0"/>
  <testcase classname="tests.Testing2" name="test5" time="0.0"/>
  <testcase classname="tests.Testing3" name="CreateUser" time="0.003">
    <failure type="java.lang.AssertionError" message="I am lost expected [true] but found [false]">
      <![CDATA[java.lang.AssertionError: I am lost expected [true] but found [false]
at tests.Testing3.CreateUser(Testing3.java:13)
... Removed 33 stack frames]]>
    </failure>
  </testcase> <!-- CreateUser -->
  <testcase classname="tests.Testing3" name="EditUser" time="0.0">
    <skipped/>
  </testcase> <!-- EditUser -->
  <testcase classname="tests.Testing3" name="Deleteuser" time="0.0">
    <skipped/>
  </testcase> <!-- Deleteuser -->
</testsuite> <!-- Surefire test -->
